This is XeTeX, Version 3.14159265-2.6-0.99998 (TeX Live 2017/W32TeX) (preloaded format=xelatex 2018.2.15)  5 MAY 2018 10:12
entering extended mode
 restricted \write18 enabled.
 %&-line parsing enabled.
**./Greeks.tex
(./Greeks.tex
LaTeX2e <2017-04-15>
Babel <3.17> and hyphenation patterns for 84 language(s) loaded.
(c:/texlive/2017/texmf-dist/tex/latex/base/article.cls
Document Class: article 2014/09/29 v1.4h Standard LaTeX document class
(c:/texlive/2017/texmf-dist/tex/latex/base/size10.clo
File: size10.clo 2014/09/29 v1.4h Standard LaTeX file (size option)
)
\c@part=\count79
\c@section=\count80
\c@subsection=\count81
\c@subsubsection=\count82
\c@paragraph=\count83
\c@subparagraph=\count84
\c@figure=\count85
\c@table=\count86
\abovecaptionskip=\skip41
\belowcaptionskip=\skip42
\bibindent=\dimen102
)
(c:/texlive/2017/texmf-dist/tex/latex/base/inputenc.sty
Package: inputenc 2015/03/17 v1.2c Input encoding file
\inpenc@prehook=\toks14
\inpenc@posthook=\toks15


Package inputenc Warning: inputenc package ignored with utf8 based engines.

) (c:/texlive/2017/texmf-dist/tex/latex/graphics/graphicx.sty
Package: graphicx 2017/06/01 v1.1a Enhanced LaTeX Graphics (DPC,SPQR)

(c:/texlive/2017/texmf-dist/tex/latex/graphics/keyval.sty
Package: keyval 2014/10/28 v1.15 key=value parser (DPC)
\KV@toks@=\toks16
)
(c:/texlive/2017/texmf-dist/tex/latex/graphics/graphics.sty
Package: graphics 2017/06/25 v1.2c Standard LaTeX Graphics (DPC,SPQR)

(c:/texlive/2017/texmf-dist/tex/latex/graphics/trig.sty
Package: trig 2016/01/03 v1.10 sin cos tan (DPC)
)
(c:/texlive/2017/texmf-dist/tex/latex/graphics-cfg/graphics.cfg
File: graphics.cfg 2016/06/04 v1.11 sample graphics configuration
)
Package graphics Info: Driver file: xetex.def on input line 99.

(c:/texlive/2017/texmf-dist/tex/latex/graphics-def/xetex.def
File: xetex.def 2017/06/24 v5.0h Graphics/color driver for xetex
))
\Gin@req@height=\dimen103
\Gin@req@width=\dimen104
)
(c:/texlive/2017/texmf-dist/tex/latex/base/fontenc.sty
Package: fontenc 2017/04/05 v2.0i Standard LaTeX package

(c:/texlive/2017/texmf-dist/tex/latex/base/t1enc.def
File: t1enc.def 2017/04/05 v2.0i Standard LaTeX file
LaTeX Font Info:    Redeclaring font encoding T1 on input line 48.
)
LaTeX Font Info:    Try loading font information for T1+lmr on input line 105.

(c:/texlive/2017/texmf-dist/tex/latex/lm/t1lmr.fd
File: t1lmr.fd 2009/10/30 v1.6 Font defs for Latin Modern
))
(c:/texlive/2017/texmf-dist/tex/generic/babel/babel.sty
Package: babel 2018/01/24 3.17 The Babel package

(c:/texlive/2017/texmf-dist/tex/generic/babel/switch.def
File: switch.def 2018/01/24 3.17 Babel switching mechanism
)
(c:/texlive/2017/texmf-dist/tex/generic/babel-french/french.ldf
Language: french 2018/02/04 v3.4b French support from the babel system

(c:/texlive/2017/texmf-dist/tex/generic/babel/babel.def
File: babel.def 2018/01/24 3.17 Babel common definitions

(c:/texlive/2017/texmf-dist/tex/generic/babel/switch.def
File: switch.def 2018/01/24 3.17 Babel switching mechanism
)
\babel@savecnt=\count87
\U@D=\dimen105

(c:/texlive/2017/texmf-dist/tex/generic/babel/xebabel.def
(c:/texlive/2017/texmf-dist/tex/generic/babel/txtbabel.def))
\bbl@dirlevel=\count88
)
\l@acadian = a dialect from \language\l@french 
\FB@nonchar=\count89
Package french.ldf Info: No need for active punctuation characters
(french.ldf)             with this version of XeTeX!
(french.ldf)             reported on input line 323.
\FB@punctthick=\XeTeXcharclass1
\FB@punctthin=\XeTeXcharclass2
\FB@punctnul=\XeTeXcharclass3
\FB@guilo=\XeTeXcharclass4
\FB@guilf=\XeTeXcharclass5
\FB@guilnul=\XeTeXcharclass6
\FBguill@level=\count90
\FB@everypar=\toks17
\FB@Mht=\dimen106
LaTeX Info: Redefining \degres on input line 753.
\mc@charclass=\count91
\mc@charfam=\count92
\mc@charslot=\count93
\std@mcc=\count94
\dec@mcc=\count95
\c@FBcaption@count=\count96
\listindentFB=\skip43
\descindentFB=\skip44
\labelwidthFB=\skip45
\leftmarginFB=\skip46
\parindentFFN=\dimen107
\FBfnindent=\skip47
))
(c:/texlive/2017/texmf-dist/tex/latex/carlisle/scalefnt.sty)
(c:/texlive/2017/texmf-dist/tex/latex/csquotes/csquotes.sty
Package: csquotes 2018/02/11 v5.2c context-sensitive quotations (JAW)

(c:/texlive/2017/texmf-dist/tex/latex/etoolbox/etoolbox.sty
Package: etoolbox 2018/02/11 v2.5e e-TeX tools for LaTeX (JAW)
\etb@tempcnta=\count97
)
\csq@reset=\count98
\csq@gtype=\count99
\csq@glevel=\count100
\csq@qlevel=\count101
\csq@maxlvl=\count102
\csq@tshold=\count103
\csq@ltx@everypar=\toks18

(c:/texlive/2017/texmf-dist/tex/latex/csquotes/csquotes.def
File: csquotes.def 2018/02/11 v5.2c csquotes generic definitions (JAW)
)
Package csquotes Info: Trying to load configuration file 'csquotes.cfg'...
Package csquotes Info: ... configuration file loaded successfully.

(c:/texlive/2017/texmf-dist/tex/latex/csquotes/csquotes.cfg
File: csquotes.cfg 
))
(c:/texlive/2017/texmf-dist/tex/latex/placeins/placeins.sty
Package: placeins 2005/04/18  v 2.2
)
(c:/texlive/2017/texmf-dist/tex/latex/pgf/frontendlayer/tikz.sty
(c:/texlive/2017/texmf-dist/tex/latex/pgf/basiclayer/pgf.sty
(c:/texlive/2017/texmf-dist/tex/latex/pgf/utilities/pgfrcs.sty
(c:/texlive/2017/texmf-dist/tex/generic/pgf/utilities/pgfutil-common.tex
\pgfutil@everybye=\toks19
\pgfutil@tempdima=\dimen108
\pgfutil@tempdimb=\dimen109

(c:/texlive/2017/texmf-dist/tex/generic/pgf/utilities/pgfutil-common-lists.tex)
) (c:/texlive/2017/texmf-dist/tex/generic/pgf/utilities/pgfutil-latex.def
\pgfutil@abb=\box26

(c:/texlive/2017/texmf-dist/tex/latex/ms/everyshi.sty
Package: everyshi 2001/05/15 v3.00 EveryShipout Package (MS)
))
(c:/texlive/2017/texmf-dist/tex/generic/pgf/utilities/pgfrcs.code.tex
Package: pgfrcs 2015/08/07 v3.0.1a (rcs-revision 1.31)
))
Package: pgf 2015/08/07 v3.0.1a (rcs-revision 1.15)

(c:/texlive/2017/texmf-dist/tex/latex/pgf/basiclayer/pgfcore.sty
(c:/texlive/2017/texmf-dist/tex/latex/pgf/systemlayer/pgfsys.sty
(c:/texlive/2017/texmf-dist/tex/generic/pgf/systemlayer/pgfsys.code.tex
Package: pgfsys 2014/07/09 v3.0.1a (rcs-revision 1.48)

(c:/texlive/2017/texmf-dist/tex/generic/pgf/utilities/pgfkeys.code.tex
\pgfkeys@pathtoks=\toks20
\pgfkeys@temptoks=\toks21

(c:/texlive/2017/texmf-dist/tex/generic/pgf/utilities/pgfkeysfiltered.code.tex
\pgfkeys@tmptoks=\toks22
))
\pgf@x=\dimen110
\pgf@y=\dimen111
\pgf@xa=\dimen112
\pgf@ya=\dimen113
\pgf@xb=\dimen114
\pgf@yb=\dimen115
\pgf@xc=\dimen116
\pgf@yc=\dimen117
\w@pgf@writea=\write3
\r@pgf@reada=\read1
\c@pgf@counta=\count104
\c@pgf@countb=\count105
\c@pgf@countc=\count106
\c@pgf@countd=\count107
\t@pgf@toka=\toks23
\t@pgf@tokb=\toks24
\t@pgf@tokc=\toks25
 (c:/texlive/2017/texmf-dist/tex/generic/pgf/systemlayer/pgf.cfg
File: pgf.cfg 2008/05/14  (rcs-revision 1.7)
)
Driver file for pgf: pgfsys-xetex.def

(c:/texlive/2017/texmf-dist/tex/generic/pgf/systemlayer/pgfsys-xetex.def
File: pgfsys-xetex.def 2014/07/09  (rcs-revision 1.11)

(c:/texlive/2017/texmf-dist/tex/generic/pgf/systemlayer/pgfsys-dvipdfmx.def
File: pgfsys-dvipdfmx.def 2014/07/09  (rcs-revision 1.14)

(c:/texlive/2017/texmf-dist/tex/generic/pgf/systemlayer/pgfsys-common-pdf.def
File: pgfsys-common-pdf.def 2013/10/10  (rcs-revision 1.13)
)
\pgfsys@objnum=\count108
)))
(c:/texlive/2017/texmf-dist/tex/generic/pgf/systemlayer/pgfsyssoftpath.code.tex
File: pgfsyssoftpath.code.tex 2013/09/09  (rcs-revision 1.9)
\pgfsyssoftpath@smallbuffer@items=\count109
\pgfsyssoftpath@bigbuffer@items=\count110
)
(c:/texlive/2017/texmf-dist/tex/generic/pgf/systemlayer/pgfsysprotocol.code.tex
File: pgfsysprotocol.code.tex 2006/10/16  (rcs-revision 1.4)
)) (c:/texlive/2017/texmf-dist/tex/latex/xcolor/xcolor.sty
Package: xcolor 2016/05/11 v2.12 LaTeX color extensions (UK)

(c:/texlive/2017/texmf-dist/tex/latex/graphics-cfg/color.cfg
File: color.cfg 2016/01/02 v1.6 sample color configuration
)
Package xcolor Info: Driver file: xetex.def on input line 225.
Package xcolor Info: Model `cmy' substituted by `cmy0' on input line 1348.
Package xcolor Info: Model `RGB' extended on input line 1364.
Package xcolor Info: Model `HTML' substituted by `rgb' on input line 1366.
Package xcolor Info: Model `Hsb' substituted by `hsb' on input line 1367.
Package xcolor Info: Model `tHsb' substituted by `hsb' on input line 1368.
Package xcolor Info: Model `HSB' substituted by `hsb' on input line 1369.
Package xcolor Info: Model `Gray' substituted by `gray' on input line 1370.
Package xcolor Info: Model `wave' substituted by `hsb' on input line 1371.
)
(c:/texlive/2017/texmf-dist/tex/generic/pgf/basiclayer/pgfcore.code.tex
Package: pgfcore 2010/04/11 v3.0.1a (rcs-revision 1.7)

(c:/texlive/2017/texmf-dist/tex/generic/pgf/math/pgfmath.code.tex
(c:/texlive/2017/texmf-dist/tex/generic/pgf/math/pgfmathcalc.code.tex
(c:/texlive/2017/texmf-dist/tex/generic/pgf/math/pgfmathutil.code.tex)
(c:/texlive/2017/texmf-dist/tex/generic/pgf/math/pgfmathparser.code.tex
\pgfmath@dimen=\dimen118
\pgfmath@count=\count111
\pgfmath@box=\box27
\pgfmath@toks=\toks26
\pgfmath@stack@operand=\toks27
\pgfmath@stack@operation=\toks28
)
(c:/texlive/2017/texmf-dist/tex/generic/pgf/math/pgfmathfunctions.code.tex
(c:/texlive/2017/texmf-dist/tex/generic/pgf/math/pgfmathfunctions.basic.code.te
x)
(c:/texlive/2017/texmf-dist/tex/generic/pgf/math/pgfmathfunctions.trigonometric
.code.tex)
(c:/texlive/2017/texmf-dist/tex/generic/pgf/math/pgfmathfunctions.random.code.t
ex)
(c:/texlive/2017/texmf-dist/tex/generic/pgf/math/pgfmathfunctions.comparison.co
de.tex)
(c:/texlive/2017/texmf-dist/tex/generic/pgf/math/pgfmathfunctions.base.code.tex
)
(c:/texlive/2017/texmf-dist/tex/generic/pgf/math/pgfmathfunctions.round.code.te
x)
(c:/texlive/2017/texmf-dist/tex/generic/pgf/math/pgfmathfunctions.misc.code.tex
)
(c:/texlive/2017/texmf-dist/tex/generic/pgf/math/pgfmathfunctions.integerarithm
etics.code.tex)))
(c:/texlive/2017/texmf-dist/tex/generic/pgf/math/pgfmathfloat.code.tex
\c@pgfmathroundto@lastzeros=\count112
))
(c:/texlive/2017/texmf-dist/tex/generic/pgf/basiclayer/pgfcorepoints.code.tex
File: pgfcorepoints.code.tex 2013/10/07  (rcs-revision 1.27)
\pgf@picminx=\dimen119
\pgf@picmaxx=\dimen120
\pgf@picminy=\dimen121
\pgf@picmaxy=\dimen122
\pgf@pathminx=\dimen123
\pgf@pathmaxx=\dimen124
\pgf@pathminy=\dimen125
\pgf@pathmaxy=\dimen126
\pgf@xx=\dimen127
\pgf@xy=\dimen128
\pgf@yx=\dimen129
\pgf@yy=\dimen130
\pgf@zx=\dimen131
\pgf@zy=\dimen132
)
(c:/texlive/2017/texmf-dist/tex/generic/pgf/basiclayer/pgfcorepathconstruct.cod
e.tex
File: pgfcorepathconstruct.code.tex 2013/10/07  (rcs-revision 1.29)
\pgf@path@lastx=\dimen133
\pgf@path@lasty=\dimen134
)
(c:/texlive/2017/texmf-dist/tex/generic/pgf/basiclayer/pgfcorepathusage.code.te
x
File: pgfcorepathusage.code.tex 2014/11/02  (rcs-revision 1.24)
\pgf@shorten@end@additional=\dimen135
\pgf@shorten@start@additional=\dimen136
)
(c:/texlive/2017/texmf-dist/tex/generic/pgf/basiclayer/pgfcorescopes.code.tex
File: pgfcorescopes.code.tex 2015/05/08  (rcs-revision 1.46)
\pgfpic=\box28
\pgf@hbox=\box29
\pgf@layerbox@main=\box30
\pgf@picture@serial@count=\count113
)
(c:/texlive/2017/texmf-dist/tex/generic/pgf/basiclayer/pgfcoregraphicstate.code
.tex
File: pgfcoregraphicstate.code.tex 2014/11/02  (rcs-revision 1.12)
\pgflinewidth=\dimen137
)
(c:/texlive/2017/texmf-dist/tex/generic/pgf/basiclayer/pgfcoretransformations.c
ode.tex
File: pgfcoretransformations.code.tex 2015/08/07  (rcs-revision 1.20)
\pgf@pt@x=\dimen138
\pgf@pt@y=\dimen139
\pgf@pt@temp=\dimen140
)
(c:/texlive/2017/texmf-dist/tex/generic/pgf/basiclayer/pgfcorequick.code.tex
File: pgfcorequick.code.tex 2008/10/09  (rcs-revision 1.3)
)
(c:/texlive/2017/texmf-dist/tex/generic/pgf/basiclayer/pgfcoreobjects.code.tex
File: pgfcoreobjects.code.tex 2006/10/11  (rcs-revision 1.2)
)
(c:/texlive/2017/texmf-dist/tex/generic/pgf/basiclayer/pgfcorepathprocessing.co
de.tex
File: pgfcorepathprocessing.code.tex 2013/09/09  (rcs-revision 1.9)
)
(c:/texlive/2017/texmf-dist/tex/generic/pgf/basiclayer/pgfcorearrows.code.tex
File: pgfcorearrows.code.tex 2015/05/14  (rcs-revision 1.43)
\pgfarrowsep=\dimen141
)
(c:/texlive/2017/texmf-dist/tex/generic/pgf/basiclayer/pgfcoreshade.code.tex
File: pgfcoreshade.code.tex 2013/07/15  (rcs-revision 1.15)
\pgf@max=\dimen142
\pgf@sys@shading@range@num=\count114
)
(c:/texlive/2017/texmf-dist/tex/generic/pgf/basiclayer/pgfcoreimage.code.tex
File: pgfcoreimage.code.tex 2013/07/15  (rcs-revision 1.18)

(c:/texlive/2017/texmf-dist/tex/generic/pgf/basiclayer/pgfcoreexternal.code.tex
File: pgfcoreexternal.code.tex 2014/07/09  (rcs-revision 1.21)
\pgfexternal@startupbox=\box31
))
(c:/texlive/2017/texmf-dist/tex/generic/pgf/basiclayer/pgfcorelayers.code.tex
File: pgfcorelayers.code.tex 2013/07/18  (rcs-revision 1.7)
)
(c:/texlive/2017/texmf-dist/tex/generic/pgf/basiclayer/pgfcoretransparency.code
.tex
File: pgfcoretransparency.code.tex 2013/09/30  (rcs-revision 1.5)
)
(c:/texlive/2017/texmf-dist/tex/generic/pgf/basiclayer/pgfcorepatterns.code.tex
File: pgfcorepatterns.code.tex 2013/11/07  (rcs-revision 1.5)
)))
(c:/texlive/2017/texmf-dist/tex/generic/pgf/modules/pgfmoduleshapes.code.tex
File: pgfmoduleshapes.code.tex 2014/03/21  (rcs-revision 1.35)
\pgfnodeparttextbox=\box32
)
(c:/texlive/2017/texmf-dist/tex/generic/pgf/modules/pgfmoduleplot.code.tex
File: pgfmoduleplot.code.tex 2015/08/03  (rcs-revision 1.13)
)
(c:/texlive/2017/texmf-dist/tex/latex/pgf/compatibility/pgfcomp-version-0-65.st
y
Package: pgfcomp-version-0-65 2007/07/03 v3.0.1a (rcs-revision 1.7)
\pgf@nodesepstart=\dimen143
\pgf@nodesepend=\dimen144
)
(c:/texlive/2017/texmf-dist/tex/latex/pgf/compatibility/pgfcomp-version-1-18.st
y
Package: pgfcomp-version-1-18 2007/07/23 v3.0.1a (rcs-revision 1.1)
)) (c:/texlive/2017/texmf-dist/tex/latex/pgf/utilities/pgffor.sty
(c:/texlive/2017/texmf-dist/tex/latex/pgf/utilities/pgfkeys.sty
(c:/texlive/2017/texmf-dist/tex/generic/pgf/utilities/pgfkeys.code.tex))
(c:/texlive/2017/texmf-dist/tex/latex/pgf/math/pgfmath.sty
(c:/texlive/2017/texmf-dist/tex/generic/pgf/math/pgfmath.code.tex))
(c:/texlive/2017/texmf-dist/tex/generic/pgf/utilities/pgffor.code.tex
Package: pgffor 2013/12/13 v3.0.1a (rcs-revision 1.25)

(c:/texlive/2017/texmf-dist/tex/generic/pgf/math/pgfmath.code.tex)
\pgffor@iter=\dimen145
\pgffor@skip=\dimen146
\pgffor@stack=\toks29
\pgffor@toks=\toks30
))
(c:/texlive/2017/texmf-dist/tex/generic/pgf/frontendlayer/tikz/tikz.code.tex
Package: tikz 2015/08/07 v3.0.1a (rcs-revision 1.151)

(c:/texlive/2017/texmf-dist/tex/generic/pgf/libraries/pgflibraryplothandlers.co
de.tex
File: pgflibraryplothandlers.code.tex 2013/08/31 v3.0.1a (rcs-revision 1.20)
\pgf@plot@mark@count=\count115
\pgfplotmarksize=\dimen147
)
\tikz@lastx=\dimen148
\tikz@lasty=\dimen149
\tikz@lastxsaved=\dimen150
\tikz@lastysaved=\dimen151
\tikzleveldistance=\dimen152
\tikzsiblingdistance=\dimen153
\tikz@figbox=\box33
\tikz@figbox@bg=\box34
\tikz@tempbox=\box35
\tikz@tempbox@bg=\box36
\tikztreelevel=\count116
\tikznumberofchildren=\count117
\tikznumberofcurrentchild=\count118
\tikz@fig@count=\count119

(c:/texlive/2017/texmf-dist/tex/generic/pgf/modules/pgfmodulematrix.code.tex
File: pgfmodulematrix.code.tex 2013/09/17  (rcs-revision 1.8)
\pgfmatrixcurrentrow=\count120
\pgfmatrixcurrentcolumn=\count121
\pgf@matrix@numberofcolumns=\count122
)
\tikz@expandcount=\count123

(c:/texlive/2017/texmf-dist/tex/generic/pgf/frontendlayer/tikz/libraries/tikzli
brarytopaths.code.tex
File: tikzlibrarytopaths.code.tex 2008/06/17 v3.0.1a (rcs-revision 1.2)
)))
(c:/texlive/2017/texmf-dist/tex/latex/hyperref/hyperref.sty
Package: hyperref 2018/02/06 v6.86b Hypertext links for LaTeX

(c:/texlive/2017/texmf-dist/tex/generic/oberdiek/hobsub-hyperref.sty
Package: hobsub-hyperref 2016/05/16 v1.14 Bundle oberdiek, subset hyperref (HO)


(c:/texlive/2017/texmf-dist/tex/generic/oberdiek/hobsub-generic.sty
Package: hobsub-generic 2016/05/16 v1.14 Bundle oberdiek, subset generic (HO)
Package: hobsub 2016/05/16 v1.14 Construct package bundles (HO)
Package: infwarerr 2016/05/16 v1.4 Providing info/warning/error messages (HO)
Package: ltxcmds 2016/05/16 v1.23 LaTeX kernel commands for general use (HO)
Package: ifluatex 2016/05/16 v1.4 Provides the ifluatex switch (HO)
Package ifluatex Info: LuaTeX not detected.
Package: ifvtex 2016/05/16 v1.6 Detect VTeX and its facilities (HO)
Package ifvtex Info: VTeX not detected.
Package: intcalc 2016/05/16 v1.2 Expandable calculations with integers (HO)
Package: ifpdf 2017/03/15 v3.2 Provides the ifpdf switch
Package: etexcmds 2016/05/16 v1.6 Avoid name clashes with e-TeX commands (HO)
Package etexcmds Info: Could not find \expanded.
(etexcmds)             That can mean that you are not using pdfTeX 1.50 or
(etexcmds)             that some package has redefined \expanded.
(etexcmds)             In the latter case, load this package earlier.
Package: kvsetkeys 2016/05/16 v1.17 Key value parser (HO)
Package: kvdefinekeys 2016/05/16 v1.4 Define keys (HO)
Package: pdftexcmds 2018/01/21 v0.26 Utility functions of pdfTeX for LuaTeX (HO
)
Package pdftexcmds Info: LuaTeX not detected.
Package pdftexcmds Info: pdfTeX >= 1.30 not detected.
Package pdftexcmds Info: \pdf@primitive is available.
Package pdftexcmds Info: \pdf@ifprimitive is available.
Package pdftexcmds Info: \pdfdraftmode not found.
Package: pdfescape 2016/05/16 v1.14 Implements pdfTeX's escape features (HO)
Package: bigintcalc 2016/05/16 v1.4 Expandable calculations on big integers (HO
)
Package: bitset 2016/05/16 v1.2 Handle bit-vector datatype (HO)
Package: uniquecounter 2016/05/16 v1.3 Provide unlimited unique counter (HO)
)
Package hobsub Info: Skipping package `hobsub' (already loaded).
Package: letltxmacro 2016/05/16 v1.5 Let assignment for LaTeX macros (HO)
Package: hopatch 2016/05/16 v1.3 Wrapper for package hooks (HO)
Package: xcolor-patch 2016/05/16 xcolor patch
Package: atveryend 2016/05/16 v1.9 Hooks at the very end of document (HO)
Package: atbegshi 2016/06/09 v1.18 At begin shipout hook (HO)
Package: refcount 2016/05/16 v3.5 Data extraction from label references (HO)
Package: hycolor 2016/05/16 v1.8 Color options for hyperref/bookmark (HO)
)
(c:/texlive/2017/texmf-dist/tex/generic/ifxetex/ifxetex.sty
Package: ifxetex 2010/09/12 v0.6 Provides ifxetex conditional
)
(c:/texlive/2017/texmf-dist/tex/latex/oberdiek/auxhook.sty
Package: auxhook 2016/05/16 v1.4 Hooks for auxiliary files (HO)
)
(c:/texlive/2017/texmf-dist/tex/latex/oberdiek/kvoptions.sty
Package: kvoptions 2016/05/16 v3.12 Key value format for package options (HO)
)
\@linkdim=\dimen154
\Hy@linkcounter=\count124
\Hy@pagecounter=\count125

(c:/texlive/2017/texmf-dist/tex/latex/hyperref/pd1enc.def
File: pd1enc.def 2018/02/06 v6.86b Hyperref: PDFDocEncoding definition (HO)
)
\Hy@SavedSpaceFactor=\count126

(c:/texlive/2017/texmf-dist/tex/latex/latexconfig/hyperref.cfg
File: hyperref.cfg 2002/06/06 v1.2 hyperref configuration of TeXLive
)
Package hyperref Info: Hyper figures OFF on input line 4509.
Package hyperref Info: Link nesting OFF on input line 4514.
Package hyperref Info: Hyper index ON on input line 4517.
Package hyperref Info: Plain pages OFF on input line 4524.
Package hyperref Info: Backreferencing OFF on input line 4529.
Package hyperref Info: Implicit mode ON; LaTeX internals redefined.
Package hyperref Info: Bookmarks ON on input line 4762.
\c@Hy@tempcnt=\count127

(c:/texlive/2017/texmf-dist/tex/latex/url/url.sty
\Urlmuskip=\muskip10
Package: url 2013/09/16  ver 3.4  Verb mode for urls, etc.
)
LaTeX Info: Redefining \url on input line 5115.
\XeTeXLinkMargin=\dimen155
\Fld@menulength=\count128
\Field@Width=\dimen156
\Fld@charsize=\dimen157
Package hyperref Info: Hyper figures OFF on input line 6369.
Package hyperref Info: Link nesting OFF on input line 6374.
Package hyperref Info: Hyper index ON on input line 6377.
Package hyperref Info: backreferencing OFF on input line 6384.
Package hyperref Info: Link coloring OFF on input line 6389.
Package hyperref Info: Link coloring with OCG OFF on input line 6394.
Package hyperref Info: PDF/A mode OFF on input line 6399.
LaTeX Info: Redefining \ref on input line 6439.
LaTeX Info: Redefining \pageref on input line 6443.
\Hy@abspage=\count129
\c@Item=\count130
\c@Hfootnote=\count131
)
Package hyperref Info: Driver (autodetected): hxetex.

(c:/texlive/2017/texmf-dist/tex/latex/hyperref/hxetex.def
File: hxetex.def 2018/02/06 v6.86b Hyperref driver for XeTeX

(c:/texlive/2017/texmf-dist/tex/latex/hyperref/puenc.def
File: puenc.def 2018/02/06 v6.86b Hyperref: PDF Unicode definition (HO)
)
(c:/texlive/2017/texmf-dist/tex/generic/oberdiek/stringenc.sty
Package: stringenc 2016/05/16 v1.11 Convert strings between diff. encodings (HO
)
)
\pdfm@box=\box37
\c@Hy@AnnotLevel=\count132
\HyField@AnnotCount=\count133
\Fld@listcount=\count134
\c@bookmark@seq@number=\count135

(c:/texlive/2017/texmf-dist/tex/latex/oberdiek/rerunfilecheck.sty
Package: rerunfilecheck 2016/05/16 v1.8 Rerun checks for auxiliary files (HO)
Package rerunfilecheck Info: Feature \pdfmdfivesum is not available
(rerunfilecheck)             (e.g. pdfTeX or LuaTeX with package `pdftexcmds').

(rerunfilecheck)             Therefore file contents cannot be checked efficien
tly
(rerunfilecheck)             and the loading of the package is aborted.
)
\Hy@SectionHShift=\skip48
)
(c:/texlive/2017/texmf-dist/tex/latex/tools/afterpage.sty
Package: afterpage 2014/10/28 v1.08 After-Page Package (DPC)
\AP@output=\toks31
\AP@partial=\box38
\AP@footins=\box39
)
(c:/texlive/2017/texmf-dist/tex/latex/pdfpages/pdfpages.sty
Package: pdfpages 2017/10/31 v0.5l Insert pages of external PDF documents (AM)

(c:/texlive/2017/texmf-dist/tex/latex/base/ifthen.sty
Package: ifthen 2014/09/29 v1.1c Standard LaTeX ifthen package (DPC)
)
(c:/texlive/2017/texmf-dist/tex/latex/tools/calc.sty
Package: calc 2014/10/28 v4.3 Infix arithmetic (KKT,FJ)
\calc@Acount=\count136
\calc@Bcount=\count137
\calc@Adimen=\dimen158
\calc@Bdimen=\dimen159
\calc@Askip=\skip49
\calc@Bskip=\skip50
LaTeX Info: Redefining \setlength on input line 80.
LaTeX Info: Redefining \addtolength on input line 81.
\calc@Ccount=\count138
\calc@Cskip=\skip51
)
(c:/texlive/2017/texmf-dist/tex/latex/eso-pic/eso-pic.sty
Package: eso-pic 2015/07/21 v2.0g eso-pic (RN)
)
\AM@pagewidth=\dimen160
\AM@pageheight=\dimen161

(c:/texlive/2017/texmf-dist/tex/latex/pdfpages/ppxetex.def
File: ppxetex.def 2017/10/31 v0.5l Pdfpages driver for XeTeX (AM)
)
\AM@pagebox=\box40
\AM@global@opts=\toks32
\AM@toc@title=\toks33
\c@AM@survey=\count139
\AM@templatesizebox=\box41
)
(c:/texlive/2017/texmf-dist/tex/latex/wrapfig/wrapfig.sty
\wrapoverhang=\dimen162
\WF@size=\dimen163
\c@WF@wrappedlines=\count140
\WF@box=\box42
\WF@everypar=\toks34
Package: wrapfig 2003/01/31  v 3.6
)
(c:/texlive/2017/texmf-dist/tex/latex/amsmath/amsmath.sty
Package: amsmath 2017/09/02 v2.17a AMS math features
\@mathmargin=\skip52

For additional information on amsmath, use the `?' option.
(c:/texlive/2017/texmf-dist/tex/latex/amsmath/amstext.sty
Package: amstext 2000/06/29 v2.01 AMS text

(c:/texlive/2017/texmf-dist/tex/latex/amsmath/amsgen.sty
File: amsgen.sty 1999/11/30 v2.0 generic functions
\@emptytoks=\toks35
\ex@=\dimen164
))
(c:/texlive/2017/texmf-dist/tex/latex/amsmath/amsbsy.sty
Package: amsbsy 1999/11/29 v1.2d Bold Symbols
\pmbraise@=\dimen165
)
(c:/texlive/2017/texmf-dist/tex/latex/amsmath/amsopn.sty
Package: amsopn 2016/03/08 v2.02 operator names
)
\inf@bad=\count141
LaTeX Info: Redefining \frac on input line 213.
\uproot@=\count142
\leftroot@=\count143
LaTeX Info: Redefining \overline on input line 375.
\classnum@=\count144
\DOTSCASE@=\count145
LaTeX Info: Redefining \ldots on input line 472.
LaTeX Info: Redefining \dots on input line 475.
LaTeX Info: Redefining \cdots on input line 596.
\Mathstrutbox@=\box43
\strutbox@=\box44
\big@size=\dimen166
LaTeX Font Info:    Redeclaring font encoding OML on input line 712.
LaTeX Font Info:    Redeclaring font encoding OMS on input line 713.
\macc@depth=\count146
\c@MaxMatrixCols=\count147
\dotsspace@=\muskip11
\c@parentequation=\count148
\dspbrk@lvl=\count149
\tag@help=\toks36
\row@=\count150
\column@=\count151
\maxfields@=\count152
\andhelp@=\toks37
\eqnshift@=\dimen167
\alignsep@=\dimen168
\tagshift@=\dimen169
\tagwidth@=\dimen170
\totwidth@=\dimen171
\lineht@=\dimen172
\@envbody=\toks38
\multlinegap=\skip53
\multlinetaggap=\skip54
\mathdisplay@stack=\toks39
LaTeX Info: Redefining \[ on input line 2817.
LaTeX Info: Redefining \] on input line 2818.
)
(c:/texlive/2017/texmf-dist/tex/latex/mathtools/mathtools.sty
Package: mathtools 2018/01/08 v1.21 mathematical typesetting tools

(c:/texlive/2017/texmf-dist/tex/latex/mathtools/mhsetup.sty
Package: mhsetup 2017/03/31 v1.3 programming setup (MH)
)
LaTeX Info: Thecontrolsequence`\('isalreadyrobust on input line 129.
LaTeX Info: Thecontrolsequence`\)'isalreadyrobust on input line 129.
LaTeX Info: Thecontrolsequence`\['isalreadyrobust on input line 129.
LaTeX Info: Thecontrolsequence`\]'isalreadyrobust on input line 129.
\g_MT_multlinerow_int=\count153
\l_MT_multwidth_dim=\dimen173
\origjot=\skip55
\l_MT_shortvdotswithinadjustabove_dim=\dimen174
\l_MT_shortvdotswithinadjustbelow_dim=\dimen175
\l_MT_above_intertext_sep=\dimen176
\l_MT_below_intertext_sep=\dimen177
\l_MT_above_shortintertext_sep=\dimen178
\l_MT_below_shortintertext_sep=\dimen179
)
(c:/texlive/2017/texmf-dist/tex/latex/amsfonts/amssymb.sty
Package: amssymb 2013/01/14 v3.01 AMS font symbols

(c:/texlive/2017/texmf-dist/tex/latex/amsfonts/amsfonts.sty
Package: amsfonts 2013/01/14 v3.01 Basic AMSFonts support
\symAMSa=\mathgroup4
\symAMSb=\mathgroup5
LaTeX Font Info:    Overwriting math alphabet `\mathfrak' in version `bold'
(Font)                  U/euf/m/n --> U/euf/b/n on input line 106.
))
(c:/texlive/2017/texmf-dist/tex/latex/fancyhdr/fancyhdr.sty
Package: fancyhdr 2017/06/30 v3.9a Extensive control of page headers and footer
s
\f@nch@headwidth=\skip56
\f@nch@O@elh=\skip57
\f@nch@O@erh=\skip58
\f@nch@O@olh=\skip59
\f@nch@O@orh=\skip60
\f@nch@O@elf=\skip61
\f@nch@O@erf=\skip62
\f@nch@O@olf=\skip63
\f@nch@O@orf=\skip64
)
(c:/texlive/2017/texmf-dist/tex/latex/background/background.sty
Package: background 2014/03/04 v2.1 background material

(c:/texlive/2017/texmf-dist/tex/latex/xkeyval/xkeyval.sty
Package: xkeyval 2014/12/03 v2.7a package option processing (HA)

(c:/texlive/2017/texmf-dist/tex/generic/xkeyval/xkeyval.tex
(c:/texlive/2017/texmf-dist/tex/generic/xkeyval/xkvutils.tex
\XKV@toks=\toks40
\XKV@tempa@toks=\toks41
)
\XKV@depth=\count154
File: xkeyval.tex 2014/12/03 v2.7a key=value parser (HA)
))
(c:/texlive/2017/texmf-dist/tex/latex/everypage/everypage.sty
Package: everypage 2007/06/20 1.1 Hooks to run on every page
))
(c:/texlive/2017/texmf-dist/tex/latex/listings/listings.sty
\lst@mode=\count155
\lst@gtempboxa=\box45
\lst@token=\toks42
\lst@length=\count156
\lst@currlwidth=\dimen180
\lst@column=\count157
\lst@pos=\count158
\lst@lostspace=\dimen181
\lst@width=\dimen182
\lst@newlines=\count159
\lst@lineno=\count160
\lst@maxwidth=\dimen183

(c:/texlive/2017/texmf-dist/tex/latex/listings/lstmisc.sty
File: lstmisc.sty 2015/06/04 1.6 (Carsten Heinz)
\c@lstnumber=\count161
\lst@skipnumbers=\count162
\lst@framebox=\box46
)
(c:/texlive/2017/texmf-dist/tex/latex/listings/listings.cfg
File: listings.cfg 2015/06/04 1.6 listings configuration
))
Package: listings 2015/06/04 1.6 (Carsten Heinz)

(c:/texlive/2017/texmf-dist/tex/latex/listings/lstlang1.sty
File: lstlang1.sty 2015/06/04 1.6 listings language file
)
(c:/texlive/2017/texmf-dist/tex/latex/fontspec/fontspec.sty
(c:/texlive/2017/texmf-dist/tex/latex/l3packages/xparse/xparse.sty
(c:/texlive/2017/texmf-dist/tex/latex/l3kernel/expl3.sty
Package: expl3 2017/12/16 L3 programming layer (loader) 

(c:/texlive/2017/texmf-dist/tex/latex/l3kernel/expl3-code.tex
Package: expl3 2017/12/16 L3 programming layer (code)
\c_max_int=\count163
\l_tmpa_int=\count164
\l_tmpb_int=\count165
\g_tmpa_int=\count166
\g_tmpb_int=\count167
\g__intarray_font_int=\count168
\g__prg_map_int=\count169
\c_log_iow=\count170
\l_iow_line_count_int=\count171
\l__iow_line_target_int=\count172
\l__iow_one_indent_int=\count173
\l__iow_indent_int=\count174
\c_zero_dim=\dimen184
\c_max_dim=\dimen185
\l_tmpa_dim=\dimen186
\l_tmpb_dim=\dimen187
\g_tmpa_dim=\dimen188
\g_tmpb_dim=\dimen189
\c_zero_skip=\skip65
\c_max_skip=\skip66
\l_tmpa_skip=\skip67
\l_tmpb_skip=\skip68
\g_tmpa_skip=\skip69
\g_tmpb_skip=\skip70
\c_zero_muskip=\muskip12
\c_max_muskip=\muskip13
\l_tmpa_muskip=\muskip14
\l_tmpb_muskip=\muskip15
\g_tmpa_muskip=\muskip16
\g_tmpb_muskip=\muskip17
\l_keys_choice_int=\count175
\c__fp_leading_shift_int=\count176
\c__fp_middle_shift_int=\count177
\c__fp_trailing_shift_int=\count178
\c__fp_big_leading_shift_int=\count179
\c__fp_big_middle_shift_int=\count180
\c__fp_big_trailing_shift_int=\count181
\c__fp_Bigg_leading_shift_int=\count182
\c__fp_Bigg_middle_shift_int=\count183
\c__fp_Bigg_trailing_shift_int=\count184
\l__sort_length_int=\count185
\l__sort_min_int=\count186
\l__sort_top_int=\count187
\l__sort_max_int=\count188
\l__sort_true_max_int=\count189
\l__sort_block_int=\count190
\l__sort_begin_int=\count191
\l__sort_end_int=\count192
\l__sort_A_int=\count193
\l__sort_B_int=\count194
\l__sort_C_int=\count195
\l__tl_build_start_index_int=\count196
\l__tl_build_index_int=\count197
\l__tl_analysis_normal_int=\count198
\l__tl_analysis_index_int=\count199
\l__tl_analysis_nesting_int=\count266
\l__tl_analysis_type_int=\count267
\l__regex_internal_a_int=\count268
\l__regex_internal_b_int=\count269
\l__regex_internal_c_int=\count270
\l__regex_balance_int=\count271
\l__regex_group_level_int=\count272
\l__regex_mode_int=\count273
\c__regex_cs_in_class_mode_int=\count274
\c__regex_cs_mode_int=\count275
\l__regex_catcodes_int=\count276
\l__regex_default_catcodes_int=\count277
\c__regex_catcode_L_int=\count278
\c__regex_catcode_O_int=\count279
\c__regex_catcode_A_int=\count280
\c__regex_all_catcodes_int=\count281
\l__regex_show_lines_int=\count282
\l__regex_min_state_int=\count283
\l__regex_max_state_int=\count284
\l__regex_left_state_int=\count285
\l__regex_right_state_int=\count286
\l__regex_capturing_group_int=\count287
\l__regex_min_pos_int=\count288
\l__regex_max_pos_int=\count289
\l__regex_curr_pos_int=\count290
\l__regex_start_pos_int=\count291
\l__regex_success_pos_int=\count292
\l__regex_curr_char_int=\count293
\l__regex_curr_catcode_int=\count294
\l__regex_last_char_int=\count295
\l__regex_case_changed_char_int=\count296
\l__regex_curr_state_int=\count297
\l__regex_step_int=\count298
\l__regex_min_active_int=\count299
\l__regex_max_active_int=\count300
\l__regex_replacement_csnames_int=\count301
\l__regex_match_count_int=\count302
\l__regex_min_submatch_int=\count303
\l__regex_submatch_int=\count304
\l__regex_zeroth_submatch_int=\count305
\g__debug_trace_regex_int=\count306
\c_empty_box=\box47
\l_tmpa_box=\box48
\l_tmpb_box=\box49
\g_tmpa_box=\box50
\g_tmpb_box=\box51
\l__box_top_dim=\dimen190
\l__box_bottom_dim=\dimen191
\l__box_left_dim=\dimen192
\l__box_right_dim=\dimen193
\l__box_top_new_dim=\dimen194
\l__box_bottom_new_dim=\dimen195
\l__box_left_new_dim=\dimen196
\l__box_right_new_dim=\dimen197
\l__box_internal_box=\box52
\l__coffin_internal_box=\box53
\l__coffin_internal_dim=\dimen198
\l__coffin_offset_x_dim=\dimen199
\l__coffin_offset_y_dim=\dimen256
\l__coffin_x_dim=\dimen257
\l__coffin_y_dim=\dimen258
\l__coffin_x_prime_dim=\dimen259
\l__coffin_y_prime_dim=\dimen260
\c_empty_coffin=\box54
\l__coffin_aligned_coffin=\box55
\l__coffin_aligned_internal_coffin=\box56
\l_tmpa_coffin=\box57
\l_tmpb_coffin=\box58
\l__coffin_display_coffin=\box59
\l__coffin_display_coord_coffin=\box60
\l__coffin_display_pole_coffin=\box61
\l__coffin_display_offset_dim=\dimen261
\l__coffin_display_x_dim=\dimen262
\l__coffin_display_y_dim=\dimen263
\l__coffin_bounding_shift_dim=\dimen264
\l__coffin_left_corner_dim=\dimen265
\l__coffin_right_corner_dim=\dimen266
\l__coffin_bottom_corner_dim=\dimen267
\l__coffin_top_corner_dim=\dimen268
\l__coffin_scaled_total_height_dim=\dimen269
\l__coffin_scaled_width_dim=\dimen270
)
(c:/texlive/2017/texmf-dist/tex/latex/l3kernel/l3xdvipdfmx.def
File: l3xdvidpfmx.def 2017/03/18 v L3 Experimental driver: xdvipdfmx
\g__driver_image_int=\count307
\l__driver_tmp_box=\box62
))
Package: xparse 2017/12/16 L3 Experimental document command parser
\l__xparse_current_arg_int=\count308
\g__xparse_grabber_int=\count309
\l__xparse_m_args_int=\count310
\l__xparse_mandatory_args_int=\count311
\l__xparse_v_nesting_int=\count312
)
Package: fontspec 2017/11/09 v2.6g Font selection for XeLaTeX and LuaLaTeX

(c:/texlive/2017/texmf-dist/tex/latex/fontspec/fontspec-xetex.sty
Package: fontspec-xetex 2017/11/09 v2.6g Font selection for XeLaTeX and LuaLaTe
X
\l__fontspec_script_int=\count313
\l__fontspec_language_int=\count314
\l__fontspec_strnum_int=\count315
\l__fontspec_tmp_int=\count316
\l__fontspec_em_int=\count317
\l__fontspec_emdef_int=\count318
\l__fontspec_strong_int=\count319
\l__fontspec_strongdef_int=\count320
\l__fontspec_tmpa_dim=\dimen271
\l__fontspec_tmpb_dim=\dimen272
\l__fontspec_tmpc_dim=\dimen273
\g__file_internal_ior=\read2

(c:/texlive/2017/texmf-dist/tex/latex/base/fontenc.sty
Package: fontenc 2017/04/05 v2.0i Standard LaTeX package

(c:/texlive/2017/texmf-dist/tex/latex/base/tuenc.def
File: tuenc.def 2017/04/05 v2.0i Standard LaTeX file
LaTeX Font Info:    Redeclaring font encoding TU on input line 82.
))
.................................................
. LaTeX info: "xparse/define-command"
. 
. Defining command \fontspec with sig. 'O{}mO{}' on line 542.
.................................................
.................................................
. LaTeX info: "xparse/define-command"
. 
. Defining command \setmainfont with sig. 'O{}mO{}' on line 546.
.................................................
.................................................
. LaTeX info: "xparse/define-command"
. 
. Defining command \setsansfont with sig. 'O{}mO{}' on line 550.
.................................................
.................................................
. LaTeX info: "xparse/define-command"
. 
. Defining command \setmonofont with sig. 'O{}mO{}' on line 554.
.................................................
.................................................
. LaTeX info: "xparse/define-command"
. 
. Defining command \setmathrm with sig. 'O{}mO{}' on line 558.
.................................................
.................................................
. LaTeX info: "xparse/define-command"
. 
. Defining command \setboldmathrm with sig. 'O{}mO{}' on line 562.
.................................................
.................................................
. LaTeX info: "xparse/define-command"
. 
. Defining command \setmathsf with sig. 'O{}mO{}' on line 566.
.................................................
.................................................
. LaTeX info: "xparse/define-command"
. 
. Defining command \setmathtt with sig. 'O{}mO{}' on line 570.
.................................................
.................................................
. LaTeX info: "xparse/define-command"
. 
. Defining command \setromanfont with sig. 'O{}mO{}' on line 574.
.................................................
.................................................
. LaTeX info: "xparse/define-command"
. 
. Defining command \newfontfamily with sig. 'mO{}mO{}' on line 578.
.................................................
.................................................
. LaTeX info: "xparse/define-command"
. 
. Defining command \newfontface with sig. 'mO{}mO{}' on line 582.
.................................................
.................................................
. LaTeX info: "xparse/define-command"
. 
. Defining command \defaultfontfeatures with sig. 't+om' on line 586.
.................................................
.................................................
. LaTeX info: "xparse/define-command"
. 
. Defining command \addfontfeatures with sig. 'm' on line 590.
.................................................
.................................................
. LaTeX info: "xparse/define-command"
. 
. Defining command \addfontfeature with sig. 'm' on line 594.
.................................................
.................................................
. LaTeX info: "xparse/define-command"
. 
. Defining command \newfontfeature with sig. 'mm' on line 598.
.................................................
.................................................
. LaTeX info: "xparse/define-command"
. 
. Defining command \newAATfeature with sig. 'mmmm' on line 602.
.................................................
.................................................
. LaTeX info: "xparse/define-command"
. 
. Defining command \newopentypefeature with sig. 'mmm' on line 606.
.................................................
.................................................
. LaTeX info: "xparse/define-command"
. 
. Defining command \newICUfeature with sig. 'mmm' on line 610.
.................................................
.................................................
. LaTeX info: "xparse/define-command"
. 
. Defining command \aliasfontfeature with sig. 'mm' on line 614.
.................................................
.................................................
. LaTeX info: "xparse/define-command"
. 
. Defining command \aliasfontfeatureoption with sig. 'mmm' on line 618.
.................................................
.................................................
. LaTeX info: "xparse/define-command"
. 
. Defining command \newfontscript with sig. 'mm' on line 622.
.................................................
.................................................
. LaTeX info: "xparse/define-command"
. 
. Defining command \newfontlanguage with sig. 'mm' on line 626.
.................................................
.................................................
. LaTeX info: "xparse/define-command"
. 
. Defining command \DeclareFontsExtensions with sig. 'm' on line 630.
.................................................
.................................................
. LaTeX info: "xparse/define-command"
. 
. Defining command \IfFontFeatureActiveTF with sig. 'mmm' on line 634.
.................................................
.................................................
. LaTeX info: "xparse/define-command"
. 
. Defining command \EncodingCommand with sig. 'mO{}m' on line 3632.
.................................................
.................................................
. LaTeX info: "xparse/define-command"
. 
. Defining command \EncodingAccent with sig. 'mm' on line 3638.
.................................................
.................................................
. LaTeX info: "xparse/define-command"
. 
. Defining command \EncodingSymbol with sig. 'mm' on line 3644.
.................................................
.................................................
. LaTeX info: "xparse/define-command"
. 
. Defining command \EncodingComposite with sig. 'mmm' on line 3650.
.................................................
.................................................
. LaTeX info: "xparse/define-command"
. 
. Defining command \EncodingCompositeCommand with sig. 'mmm' on line 3656.
.................................................
.................................................
. LaTeX info: "xparse/define-command"
. 
. Defining command \DeclareUnicodeEncoding with sig. 'mm' on line 3681.
.................................................
.................................................
. LaTeX info: "xparse/define-command"
. 
. Defining command \UndeclareSymbol with sig. 'm' on line 3687.
.................................................
.................................................
. LaTeX info: "xparse/define-command"
. 
. Defining command \UndeclareAccent with sig. 'm' on line 3693.
.................................................
.................................................
. LaTeX info: "xparse/define-command"
. 
. Defining command \UndeclareCommand with sig. 'm' on line 3699.
.................................................
.................................................
. LaTeX info: "xparse/define-command"
. 
. Defining command \UndeclareComposite with sig. 'mm' on line 3706.
.................................................

(c:/texlive/2017/texmf-dist/tex/latex/fontspec/fontspec.cfg)
LaTeX Info: Redefining \itshape on input line 3891.
LaTeX Info: Redefining \slshape on input line 3896.
LaTeX Info: Redefining \scshape on input line 3901.
LaTeX Info: Redefining \upshape on input line 3906.
LaTeX Info: Redefining \em on input line 3936.
LaTeX Info: Redefining \emph on input line 3961.
LaTeX Info: Redefining \- on input line 4015.
.................................................
. LaTeX info: "xparse/redefine-command"
. 
. Redefining command \oldstylenums with sig. 'm' on line 4110.
.................................................
.................................................
. LaTeX info: "xparse/define-command"
. 
. Defining command \liningnums with sig. 'm' on line 4114.
.................................................
))
(c:/texlive/2017/texmf-dist/tex/latex/unicode-math/unicode-math.sty
Package: unicode-math 2018/02/02 vv0.8l Unicode maths in XeLaTeX and LuaLaTeX

(c:/texlive/2017/texmf-dist/tex/latex/unicode-math/unicode-math-xetex.sty
Package: unicode-math-xetex 2018/02/02 vv0.8l Unicode maths in XeLaTeX and LuaL
aTeX

(c:/texlive/2017/texmf-dist/tex/latex/l3packages/l3keys2e/l3keys2e.sty
Package: l3keys2e 2017/12/16 LaTeX2e option processing using LaTeX3 keys
)
(c:/texlive/2017/texmf-dist/tex/latex/filehook/filehook.sty
Package: filehook 2011/10/12 v0.5d Hooks for input files
)
(c:/texlive/2017/texmf-dist/tex/latex/base/fix-cm.sty
Package: fix-cm 2015/01/14 v1.1t fixes to LaTeX

(c:/texlive/2017/texmf-dist/tex/latex/base/ts1enc.def
File: ts1enc.def 2001/06/05 v3.0e (jk/car/fm) Standard LaTeX file
))
\g__um_fam_int=\count321
\g__um_fonts_used_int=\count322
\l__um_primecount_int=\count323
\g__um_primekern_muskip=\muskip18
.................................................
. LaTeX info: "xparse/define-command"
. 
. Defining command \unimathsetup with sig. 'm' on line 269.
.................................................
.................................................
. LaTeX info: "xparse/define-command"
. 
. Defining command \setmathfont with sig. 'O{}mO{}' on line 273.
.................................................
.................................................
. LaTeX info: "xparse/define-command"
. 
. Defining command \setmathfontface with sig. 'mO{}mO{}' on line 277.
.................................................
.................................................
. LaTeX info: "xparse/define-command"
. 
. Defining command \setoperatorfont with sig. 'm' on line 282.
.................................................
.................................................
. LaTeX info: "xparse/define-command"
. 
. Defining command \addnolimits with sig. 'm' on line 287.
.................................................
.................................................
. LaTeX info: "xparse/define-command"
. 
. Defining command \removenolimits with sig. 'm' on line 291.
.................................................

(c:/texlive/2017/texmf-dist/tex/latex/unicode-math/unicode-math-table.tex)
.................................................
. unicode-math info: "patch-macro"
. 
. I'm going to patch macro \MT_cramped_internal:Nn.
.................................................

*************************************************
* unicode-math warning: "mathtools-colon"
* 
* I'm going to overwrite the following commands from the `mathtools' package: 
*  
*      \dblcolon, \coloneqq, \Coloneqq, \eqqcolon. 
*  
*  Note that since I won't overwrite the other colon-like commands, using them
* will lead to inconsistencies.
*************************************************
.................................................
. LaTeX info: "xparse/define-command"
. 
. Defining command \dblcolon with sig. '' on line 3578.
.................................................
.................................................
. LaTeX info: "xparse/define-command"
. 
. Defining command \coloneqq with sig. '' on line 3578.
.................................................
.................................................
. LaTeX info: "xparse/define-command"
. 
. Defining command \Coloneqq with sig. '' on line 3578.
.................................................
.................................................
. LaTeX info: "xparse/define-command"
. 
. Defining command \eqqcolon with sig. '' on line 3578.
.................................................
.................................................
. unicode-math info: "patch-macro"
. 
. I'm going to patch macro \subarray.
.................................................
.................................................
. unicode-math info: "patch-macro"
. 
. I'm going to patch macro \r@@t.
.................................................
.................................................
. LaTeX info: "xparse/redefine-command"
. 
. Redefining command \not with sig. 'm' on line 3835.
.................................................
.................................................
. LaTeX info: "xparse/define-command"
. 
. Defining command \NewNegationCommand with sig. 'mm' on line 3839.
.................................................
.................................................
. LaTeX info: "xparse/define-command"
. 
. Defining command \RenewNegationCommand with sig. 'mm' on line 3843.
.................................................
))
\g__fontspec_family_LucidaBrightOT_int=\count324
.................................................
. fontspec info: "defining-font"
. 
. Font family 'LucidaBrightOT(0)' created for font 'Lucida Bright OT' with
. options [Scale=1,Ligatures=TeX,Ligatures=TeX,Numbers=OldStyle].
.  
.  This font family consists of the following NFSS series/shapes:
.  
. - 'normal' (m/n) with NFSS spec.: <->s*[1]"Lucida Bright
. OT/OT:script=latn;language=DFLT;+onum;mapping=tex-text;"
. - 'small caps'  (m/sc) with NFSS spec.: <->s*[1]"Lucida Bright
. OT/OT:script=latn;language=DFLT;+onum;+smcp;mapping=tex-text;"
. - 'bold' (bx/n) with NFSS spec.: <->s*[1]"Lucida Bright
. OT/B/OT:script=latn;language=DFLT;+onum;mapping=tex-text;"
. - 'bold small caps'  (bx/sc) with NFSS spec.: <->s*[1]"Lucida Bright
. OT/B/OT:script=latn;language=DFLT;+onum;+smcp;mapping=tex-text;"
. - 'italic' (m/it) with NFSS spec.: <->s*[1]"Lucida Bright
. OT/I/OT:script=latn;language=DFLT;+onum;mapping=tex-text;"
. - 'italic small caps'  (m/itsc) with NFSS spec.: 
. - 'bold italic' (bx/it) with NFSS spec.: <->s*[1]"Lucida Bright
. OT/BI/OT:script=latn;language=DFLT;+onum;mapping=tex-text;"
. - 'bold italic small caps'  (bx/itsc) with NFSS spec.: 
.................................................
LaTeX Info: Redefining \rmfamily on input line 107.
.................................................
. fontspec info: "defining-font"
. 
. Font family 'LucidaBrightOT(1)' created for font 'Lucida Bright OT' with
. options [Scale=1,Ligatures=TeX,Numbers=OldStyle].
.  
.  This font family consists of the following NFSS series/shapes:
.  
. - 'normal' (m/n) with NFSS spec.: <->s*[1]"Lucida Bright
. OT/OT:script=latn;language=DFLT;+onum;mapping=tex-text;"
. - 'small caps'  (m/sc) with NFSS spec.: <->s*[1]"Lucida Bright
. OT/OT:script=latn;language=DFLT;+onum;+smcp;mapping=tex-text;"
. - 'bold' (bx/n) with NFSS spec.: <->s*[1]"Lucida Bright
. OT/B/OT:script=latn;language=DFLT;+onum;mapping=tex-text;"
. - 'bold small caps'  (bx/sc) with NFSS spec.: <->s*[1]"Lucida Bright
. OT/B/OT:script=latn;language=DFLT;+onum;+smcp;mapping=tex-text;"
. - 'italic' (m/it) with NFSS spec.: <->s*[1]"Lucida Bright
. OT/I/OT:script=latn;language=DFLT;+onum;mapping=tex-text;"
. - 'italic small caps'  (m/itsc) with NFSS spec.: 
. - 'bold italic' (bx/it) with NFSS spec.: <->s*[1]"Lucida Bright
. OT/BI/OT:script=latn;language=DFLT;+onum;mapping=tex-text;"
. - 'bold italic small caps'  (bx/itsc) with NFSS spec.: 
.................................................
LaTeX Font Info:    Overwriting math alphabet `\mathrm' in version `normal'
(Font)                  OT1/cmr/m/n --> TU/LucidaBrightOT(1)/m/n on input line 
107.
LaTeX Font Info:    Overwriting math alphabet `\mathit' in version `normal'
(Font)                  OT1/cmr/m/it --> TU/LucidaBrightOT(1)/m/it on input lin
e 107.
LaTeX Font Info:    Overwriting math alphabet `\mathbf' in version `normal'
(Font)                  OT1/cmr/bx/n --> TU/LucidaBrightOT(1)/bx/n on input lin
e 107.
LaTeX Font Info:    Font shape `TU/LucidaBrightOT(0)/m/n' will be
(Font)              scaled to size 10.0pt on input line 107.
\g__fontspec_family_LucidaBrightMathOT_int=\count325
.................................................
. fontspec info: "defining-font"
. 
. Font family 'LucidaBrightMathOT(0)' created for font 'Lucida Bright Math OT'
. with options
. [Scale=1,BoldItalicFont={},ItalicFont={},Script=Math,RawFeature={+ss04}].
.  
.  This font family consists of the following NFSS series/shapes:
.  
. - 'normal' (m/n) with NFSS spec.: <->s*[1]"Lucida Bright Math
. OT/OT:script=math;language=DFLT;+ss04;"
. - 'small caps'  (m/sc) with NFSS spec.: 
. - 'bold' (bx/n) with NFSS spec.: <->s*[1]"Lucida Bright Math
. OT/B/OT:script=math;language=DFLT;+ss04;"
. - 'bold small caps'  (bx/sc) with NFSS spec.: 
.................................................
LaTeX Font Info:    Font shape `TU/LucidaBrightMathOT(0)/m/n' will be
(Font)              scaled to size 10.0pt on input line 108.
.................................................
. fontspec info: "defining-font"
. 
. Font family 'LucidaBrightMathOT(1)' created for font 'Lucida Bright Math OT'
. with options
. [Scale=1,BoldItalicFont={},ItalicFont={},Script=Math,SizeFeatures={{Size=8.5-
},{Size=6-8.5,Font=Lucida
. Bright Math OT,Style=MathScript},{Size=-6,Font=Lucida Bright Math
. OT,Style=MathScriptScript}},RawFeature={+ss04}].
.  
.  This font family consists of the following NFSS series/shapes:
.  
. - 'normal' (m/n) with NFSS spec.: <8.5->s*[1]"Lucida Bright Math
. OT/OT:script=math;language=DFLT;+ss04;"<6-8.5>s*[1]"Lucida Bright Math
. OT/OT:script=math;language=DFLT;+ss04;+ssty=0;"<-6>s*[1]"Lucida Bright Math
. OT/OT:script=math;language=DFLT;+ss04;+ssty=1;"
. - 'small caps'  (m/sc) with NFSS spec.: 
. - 'bold' (bx/n) with NFSS spec.: <->s*[1]"Lucida Bright Math
. OT/B/OT:script=math;language=DFLT;+ss04;"
. - 'bold small caps'  (bx/sc) with NFSS spec.: 
.................................................
LaTeX Font Info:    Font shape `TU/LucidaBrightMathOT(1)/m/n' will be
(Font)              scaled to size 10.0pt on input line 108.
LaTeX Font Info:    Encoding `OT1' has changed to `TU' for symbol font
(Font)              `operators' in the math version `normal' on input line 108.

LaTeX Font Info:    Overwriting symbol font `operators' in version `normal'
(Font)                  OT1/cmr/m/n --> TU/LucidaBrightMathOT(1)/m/n on input l
ine 108.
LaTeX Font Info:    Encoding `OT1' has changed to `TU' for symbol font
(Font)              `operators' in the math version `bold' on input line 108.
LaTeX Font Info:    Overwriting symbol font `operators' in version `bold'
(Font)                  OT1/cmr/bx/n --> TU/LucidaBrightMathOT(1)/bx/n on input
 line 108.
.................................................
. fontspec info: "defining-font"
. 
. Font family 'LucidaBrightMathOT(2)' created for font 'Lucida Bright Math OT'
. with options
. [Scale=1,BoldItalicFont={},ItalicFont={},Script=Math,SizeFeatures={{Size=8.5-
},{Size=6-8.5,Font=Lucida
. Bright Math OT,Style=MathScript},{Size=-6,Font=Lucida Bright Math
. OT,Style=MathScriptScript}},RawFeature={+ss04},Scale=1.00001,FontAdjustment={
\fontdimen
. 8\font =7.0pt\relax \fontdimen 9\font =5.0pt\relax \fontdimen 10\font
. =5.0pt\relax \fontdimen 11\font =7.2pt\relax \fontdimen 12\font =3.6pt\relax
. \fontdimen 13\font =4.2pt\relax \fontdimen 14\font =4.2pt\relax \fontdimen
. 15\font =2.9pt\relax \fontdimen 16\font =1.5pt\relax \fontdimen 17\font
. =1.5pt\relax \fontdimen 18\font =4.0pt\relax \fontdimen 19\font =0.5pt\relax
. \fontdimen 22\font =3.13pt\relax \fontdimen 20\font =0pt\relax \fontdimen
. 21\font =0pt\relax }].
.  
.  This font family consists of the following NFSS series/shapes:
.  
. - 'normal' (m/n) with NFSS spec.: <8.5->s*[1.00001]"Lucida Bright Math
. OT/OT:script=math;language=DFLT;+ss04;"<6-8.5>s*[1.00001]"Lucida Bright Math
. OT/OT:script=math;language=DFLT;+ss04;+ssty=0;"<-6>s*[1.00001]"Lucida Bright
. Math OT/OT:script=math;language=DFLT;+ss04;+ssty=1;"
. - 'small caps'  (m/sc) with NFSS spec.: 
. and font adjustment code:
. \fontdimen 8\font =7.0pt\relax \fontdimen 9\font =5.0pt\relax \fontdimen
. 10\font =5.0pt\relax \fontdimen 11\font =7.2pt\relax \fontdimen 12\font
. =3.6pt\relax \fontdimen 13\font =4.2pt\relax \fontdimen 14\font =4.2pt\relax
. \fontdimen 15\font =2.9pt\relax \fontdimen 16\font =1.5pt\relax \fontdimen
. 17\font =1.5pt\relax \fontdimen 18\font =4.0pt\relax \fontdimen 19\font
. =0.5pt\relax \fontdimen 22\font =3.13pt\relax \fontdimen 20\font =0pt\relax
. \fontdimen 21\font =0pt\relax 
. - 'bold' (bx/n) with NFSS spec.: <->s*[1.00001]"Lucida Bright Math
. OT/B/OT:script=math;language=DFLT;+ss04;"
. - 'bold small caps'  (bx/sc) with NFSS spec.: 
. and font adjustment code:
. \fontdimen 8\font =7.0pt\relax \fontdimen 9\font =5.0pt\relax \fontdimen
. 10\font =5.0pt\relax \fontdimen 11\font =7.2pt\relax \fontdimen 12\font
. =3.6pt\relax \fontdimen 13\font =4.2pt\relax \fontdimen 14\font =4.2pt\relax
. \fontdimen 15\font =2.9pt\relax \fontdimen 16\font =1.5pt\relax \fontdimen
. 17\font =1.5pt\relax \fontdimen 18\font =4.0pt\relax \fontdimen 19\font
. =0.5pt\relax \fontdimen 22\font =3.13pt\relax \fontdimen 20\font =0pt\relax
. \fontdimen 21\font =0pt\relax 
.................................................
LaTeX Font Info:    Encoding `OMS' has changed to `TU' for symbol font
(Font)              `symbols' in the math version `normal' on input line 108.
LaTeX Font Info:    Overwriting symbol font `symbols' in version `normal'
(Font)                  OMS/cmsy/m/n --> TU/LucidaBrightMathOT(2)/m/n on input 
line 108.
LaTeX Font Info:    Encoding `OMS' has changed to `TU' for symbol font
(Font)              `symbols' in the math version `bold' on input line 108.
LaTeX Font Info:    Overwriting symbol font `symbols' in version `bold'
(Font)                  OMS/cmsy/b/n --> TU/LucidaBrightMathOT(2)/bx/n on input
 line 108.
.................................................
. fontspec info: "defining-font"
. 
. Font family 'LucidaBrightMathOT(3)' created for font 'Lucida Bright Math OT'
. with options
. [Scale=1,BoldItalicFont={},ItalicFont={},Script=Math,SizeFeatures={{Size=8.5-
},{Size=6-8.5,Font=Lucida
. Bright Math OT,Style=MathScript},{Size=-6,Font=Lucida Bright Math
. OT,Style=MathScriptScript}},RawFeature={+ss04},Scale=0.99999,FontAdjustment={
\fontdimen
. 8\font =0.4pt\relax \fontdimen 9\font =2.9pt\relax \fontdimen 10\font
. =2.7pt\relax \fontdimen 11\font =2.0pt\relax \fontdimen 12\font =6.0pt\relax
. \fontdimen 13\font =0pt\relax }].
.  
.  This font family consists of the following NFSS series/shapes:
.  
. - 'normal' (m/n) with NFSS spec.: <8.5->s*[0.99999]"Lucida Bright Math
. OT/OT:script=math;language=DFLT;+ss04;"<6-8.5>s*[0.99999]"Lucida Bright Math
. OT/OT:script=math;language=DFLT;+ss04;+ssty=0;"<-6>s*[0.99999]"Lucida Bright
. Math OT/OT:script=math;language=DFLT;+ss04;+ssty=1;"
. - 'small caps'  (m/sc) with NFSS spec.: 
. and font adjustment code:
. \fontdimen 8\font =0.4pt\relax \fontdimen 9\font =2.9pt\relax \fontdimen
. 10\font =2.7pt\relax \fontdimen 11\font =2.0pt\relax \fontdimen 12\font
. =6.0pt\relax \fontdimen 13\font =0pt\relax 
. - 'bold' (bx/n) with NFSS spec.: <->s*[0.99999]"Lucida Bright Math
. OT/B/OT:script=math;language=DFLT;+ss04;"
. - 'bold small caps'  (bx/sc) with NFSS spec.: 
. and font adjustment code:
. \fontdimen 8\font =0.4pt\relax \fontdimen 9\font =2.9pt\relax \fontdimen
. 10\font =2.7pt\relax \fontdimen 11\font =2.0pt\relax \fontdimen 12\font
. =6.0pt\relax \fontdimen 13\font =0pt\relax 
.................................................
LaTeX Font Info:    Encoding `OMX' has changed to `TU' for symbol font
(Font)              `largesymbols' in the math version `normal' on input line 1
08.
LaTeX Font Info:    Overwriting symbol font `largesymbols' in version `normal'
(Font)                  OMX/cmex/m/n --> TU/LucidaBrightMathOT(3)/m/n on input 
line 108.
LaTeX Font Info:    Encoding `OMX' has changed to `TU' for symbol font
(Font)              `largesymbols' in the math version `bold' on input line 108
.
LaTeX Font Info:    Overwriting symbol font `largesymbols' in version `bold'
(Font)                  OMX/cmex/m/n --> TU/LucidaBrightMathOT(3)/bx/n on input
 line 108.
\g__fontspec_family_MyriadPro_int=\count326
.................................................
. fontspec info: "no-font-shape"
. 
. Could not resolve font "Myriad Pro/BI" (it probably doesn't exist).
.................................................
.................................................
. fontspec info: "no-font-shape"
. 
. Could not resolve font "Myriad Pro/B" (it probably doesn't exist).
.................................................
.................................................
. fontspec info: "no-font-shape"
. 
. Could not resolve font "Myriad Pro/I" (it probably doesn't exist).
.................................................
.................................................
. fontspec info: "defining-font"
. 
. Font family 'MyriadPro(0)' created for font 'Myriad Pro' with options
. [Scale=1,Ligatures=TeX,Scale=1.0,Numbers=OldStyle].
.  
.  This font family consists of the following NFSS series/shapes:
.  
. - 'normal' (m/n) with NFSS spec.: <->s*[1.0]"Myriad
. Pro/OT:script=latn;language=DFLT;+onum;mapping=tex-text;"
. - 'small caps'  (m/sc) with NFSS spec.: 
.................................................
LaTeX Info: Redefining \sffamily on input line 109.
.................................................
. fontspec info: "no-font-shape"
. 
. Could not resolve font "Myriad Pro/BI" (it probably doesn't exist).
.................................................
.................................................
. fontspec info: "no-font-shape"
. 
. Could not resolve font "Myriad Pro/B" (it probably doesn't exist).
.................................................
.................................................
. fontspec info: "no-font-shape"
. 
. Could not resolve font "Myriad Pro/I" (it probably doesn't exist).
.................................................
.................................................
. fontspec info: "defining-font"
. 
. Font family 'MyriadPro(1)' created for font 'Myriad Pro' with options
. [Scale=1,Scale=1.0,Numbers=OldStyle].
.  
.  This font family consists of the following NFSS series/shapes:
.  
. - 'normal' (m/n) with NFSS spec.: <->s*[1.0]"Myriad
. Pro/OT:script=latn;language=DFLT;+onum;"
. - 'small caps'  (m/sc) with NFSS spec.: 
.................................................
LaTeX Font Info:    Overwriting math alphabet `\mathsf' in version `normal'
(Font)                  OT1/cmss/m/n --> TU/MyriadPro(1)/m/n on input line 109.

LaTeX Font Info:    Overwriting math alphabet `\mathsf' in version `bold'
(Font)                  OT1/cmss/bx/n --> TU/MyriadPro(1)/bx/n on input line 10
9.
.................................................
. fontspec info: "no-font-shape"
. 
. Could not resolve font "Myriad Pro/BI" (it probably doesn't exist).
.................................................
.................................................
. fontspec info: "no-font-shape"
. 
. Could not resolve font "Myriad Pro/B" (it probably doesn't exist).
.................................................
.................................................
. fontspec info: "no-font-shape"
. 
. Could not resolve font "Myriad Pro/I" (it probably doesn't exist).
.................................................
.................................................
. fontspec info: "defining-font"
. 
. Font family 'MyriadPro(2)' created for font 'Myriad Pro' with options
. [Scale=1,Letters=Uppercase,Numbers=Uppercase].
.  
.  This font family consists of the following NFSS series/shapes:
.  
. - 'normal' (m/n) with NFSS spec.: <->s*[1]"Myriad
. Pro/OT:script=latn;language=DFLT;+case;+lnum;"
. - 'small caps'  (m/sc) with NFSS spec.: 
.................................................
 (c:/texlive/2017/texmf-dist/tex/latex/microtype/microtype.sty
Package: microtype 2018/01/14 v2.7a Micro-typographical refinements (RS)
\MT@toks=\toks43
\MT@count=\count327
LaTeX Info: Redefining \textls on input line 793.
\MT@outer@kern=\dimen274
LaTeX Info: Redefining \textmicrotypecontext on input line 1339.
\MT@listname@count=\count328

(c:/texlive/2017/texmf-dist/tex/latex/microtype/microtype-xetex.def
File: microtype-xetex.def 2018/01/14 v2.7a Definitions specific to xetex (RS)
LaTeX Info: Redefining \lsstyle on input line 256.
)
Package microtype Info: Loading configuration file microtype.cfg.

(c:/texlive/2017/texmf-dist/tex/latex/microtype/microtype.cfg
File: microtype.cfg 2018/01/14 v2.7a microtype main configuration file (RS)
))
(c:/texlive/2017/texmf-dist/tex/latex/was/icomma.sty
Package: icomma 2002/03/10 v2.0 (WaS)
)
(c:/texlive/2017/texmf-dist/tex/latex/caption/subcaption.sty
Package: subcaption 2016/05/22 v1.1-161 Sub-captions (AR)

(c:/texlive/2017/texmf-dist/tex/latex/caption/caption.sty
Package: caption 2016/02/21 v3.3-144 Customizing captions (AR)

(c:/texlive/2017/texmf-dist/tex/latex/caption/caption3.sty
Package: caption3 2016/05/22 v1.7-166 caption3 kernel (AR)
Package caption3 Info: TeX engine: e-TeX on input line 67.
\captionmargin=\dimen275
\captionmargin@=\dimen276
\captionwidth=\dimen277
\caption@tempdima=\dimen278
\caption@indent=\dimen279
\caption@parindent=\dimen280
\caption@hangindent=\dimen281
)
\c@ContinuedFloat=\count329
Package caption Info: hyperref package is loaded.
Package caption Info: listings package is loaded.
Package caption Info: wrapfig package is loaded.
)
\c@subfigure=\count330
\c@subtable=\count331
)
Package csquotes Info: Checking for multilingual support...
Package csquotes Info: ... found 'babel' package.
Package csquotes Info: Adjusting default style.
Package csquotes Info: Redefining alias 'default' -> 'french'.
 (./Greeks.aux)
\openout1 = `Greeks.aux'.

LaTeX Font Info:    Checking defaults for OML/cmm/m/it on input line 153.
LaTeX Font Info:    ... okay on input line 153.
LaTeX Font Info:    Checking defaults for T1/cmr/m/n on input line 153.
LaTeX Font Info:    ... okay on input line 153.
LaTeX Font Info:    Checking defaults for OT1/cmr/m/n on input line 153.
LaTeX Font Info:    ... okay on input line 153.
LaTeX Font Info:    Checking defaults for OMS/cmsy/m/n on input line 153.
LaTeX Font Info:    ... okay on input line 153.
LaTeX Font Info:    Checking defaults for TU/lmr/m/n on input line 153.
LaTeX Font Info:    ... okay on input line 153.
LaTeX Font Info:    Checking defaults for OMX/cmex/m/n on input line 153.
LaTeX Font Info:    ... okay on input line 153.
LaTeX Font Info:    Checking defaults for U/cmr/m/n on input line 153.
LaTeX Font Info:    ... okay on input line 153.
LaTeX Font Info:    Checking defaults for PD1/pdf/m/n on input line 153.
LaTeX Font Info:    ... okay on input line 153.
LaTeX Font Info:    Checking defaults for PU/pdf/m/n on input line 153.
LaTeX Font Info:    ... okay on input line 153.
LaTeX Font Info:    Checking defaults for TS1/cmr/m/n on input line 153.
LaTeX Font Info:    ... okay on input line 153.
LaTeX Info: Redefining \dots on input line 153.
LaTeX Info: Redefining \up on input line 153.

ABD: EveryShipout initializing macros
\AtBeginShipoutBox=\box63
Package hyperref Info: Link coloring OFF on input line 153.

(c:/texlive/2017/texmf-dist/tex/latex/hyperref/nameref.sty
Package: nameref 2016/05/21 v2.44 Cross-referencing by name of section

(c:/texlive/2017/texmf-dist/tex/generic/oberdiek/gettitlestring.sty
Package: gettitlestring 2016/05/16 v1.5 Cleanup title references (HO)
)
\c@section@level=\count332
)
LaTeX Info: Redefining \ref on input line 153.
LaTeX Info: Redefining \pageref on input line 153.
LaTeX Info: Redefining \nameref on input line 153.

(./Greeks.out) (./Greeks.out)
\@outlinefile=\write4
\openout4 = `Greeks.out'.


(c:/texlive/2017/texmf-dist/tex/latex/oberdiek/pdflscape.sty
Package: pdflscape 2016/05/14 v0.11 Display of landscape pages in PDF (HO)

(c:/texlive/2017/texmf-dist/tex/latex/graphics/lscape.sty
Package: lscape 2000/10/22 v3.01 Landscape Pages (DPC)
)
Package pdflscape Info: Auto-detected driver: dvipdfm (xetex) on input line 99.

)
\c@lstlisting=\count333
LaTeX Font Info:    Overwriting math alphabet `\mathtt' in version `normal'
(Font)                  OT1/cmtt/m/n --> TU/lmtt/m/n on input line 153.
LaTeX Font Info:    Overwriting math alphabet `\mathtt' in version `bold'
(Font)                  OT1/cmtt/m/n --> TU/lmtt/bx/n on input line 153.

*************************************************
* unicode-math warning: "mathtools-overbracket"
* 
* Using \overbracket and \underbracket from `mathtools' package.
*  
*  Use \Uoverbracket and \Uunderbracket for original `unicode-math'
* definition.
*************************************************
LaTeX Info: Redefining \microtypecontext on input line 153.
Package microtype Info: Character protrusion enabled (level 2).
Package microtype Info: Using default protrusion set `alltext'.
Package microtype Info: No adjustment of tracking.
Package microtype Info: No adjustment of spacing.
Package microtype Info: No adjustment of kerning.
Package microtype Info: Redefining babel's language switching commands.
Package microtype Info: Loading generic protrusion settings for font family
(microtype)             `LucidaBrightOT' (encoding: TU).
(microtype)             For optimal results, create family-specific settings.
(microtype)             See the microtype manual for details.
Package caption Info: Begin \AtBeginDocument code.
Package caption Info: End \AtBeginDocument code.
LaTeX Font Info:    Font shape `TU/LucidaBrightOT(0)/m/n' will be
(Font)              scaled to size 17.28pt on input line 158.
LaTeX Font Info:    Font shape `TU/LucidaBrightOT(0)/m/n' will be
(Font)              scaled to size 12.0pt on input line 158.
LaTeX Font Info:    Font shape `TU/LucidaBrightMathOT(1)/m/n' will be
(Font)              scaled to size 12.0pt on input line 158.
Package microtype Info: Loading generic protrusion settings for font family
(microtype)             `LucidaBrightMathOT' (encoding: TU).
(microtype)             For optimal results, create family-specific settings.
(microtype)             See the microtype manual for details.
Package microtype Info: Character `\AE ' is missing
(microtype)             in font `\TU/LucidaBrightMathOT(1)/m/n/12'.
(microtype)             Ignoring protrusion settings for this character.
LaTeX Font Info:    Font shape `TU/LucidaBrightMathOT(1)/m/n' will be
(Font)              scaled to size 8.0pt on input line 158.
Package microtype Info: Character `\AE ' is missing
(microtype)             in font `\TU/LucidaBrightMathOT(1)/m/n/8'.
(microtype)             Ignoring protrusion settings for this character.
LaTeX Font Info:    Font shape `TU/LucidaBrightMathOT(1)/m/n' will be
(Font)              scaled to size 6.0pt on input line 158.
Package microtype Info: Character `\AE ' is missing
(microtype)             in font `\TU/LucidaBrightMathOT(1)/m/n/6'.
(microtype)             Ignoring protrusion settings for this character.
LaTeX Font Info:    Font shape `TU/LucidaBrightMathOT(2)/m/n' will be
(Font)              scaled to size 12.00018pt on input line 158.
Package microtype Info: Character `\AE ' is missing
(microtype)             in font `\TU/LucidaBrightMathOT(2)/m/n/12'.
(microtype)             Ignoring protrusion settings for this character.
LaTeX Font Info:    Font shape `TU/LucidaBrightMathOT(2)/m/n' will be
(Font)              scaled to size 8.00012pt on input line 158.
Package microtype Info: Character `\AE ' is missing
(microtype)             in font `\TU/LucidaBrightMathOT(2)/m/n/8'.
(microtype)             Ignoring protrusion settings for this character.
LaTeX Font Info:    Font shape `TU/LucidaBrightMathOT(2)/m/n' will be
(Font)              scaled to size 6.00009pt on input line 158.
Package microtype Info: Character `\AE ' is missing
(microtype)             in font `\TU/LucidaBrightMathOT(2)/m/n/6'.
(microtype)             Ignoring protrusion settings for this character.
LaTeX Font Info:    Font shape `TU/LucidaBrightMathOT(3)/m/n' will be
(Font)              scaled to size 11.99982pt on input line 158.
Package microtype Info: Character `\AE ' is missing
(microtype)             in font `\TU/LucidaBrightMathOT(3)/m/n/12'.
(microtype)             Ignoring protrusion settings for this character.
LaTeX Font Info:    Font shape `TU/LucidaBrightMathOT(3)/m/n' will be
(Font)              scaled to size 7.99988pt on input line 158.
Package microtype Info: Character `\AE ' is missing
(microtype)             in font `\TU/LucidaBrightMathOT(3)/m/n/8'.
(microtype)             Ignoring protrusion settings for this character.
LaTeX Font Info:    Font shape `TU/LucidaBrightMathOT(3)/m/n' will be
(Font)              scaled to size 5.99991pt on input line 158.
Package microtype Info: Character `\AE ' is missing
(microtype)             in font `\TU/LucidaBrightMathOT(3)/m/n/6'.
(microtype)             Ignoring protrusion settings for this character.
LaTeX Font Info:    Try loading font information for U+msa on input line 158.
(c:/texlive/2017/texmf-dist/tex/latex/amsfonts/umsa.fd
File: umsa.fd 2013/01/14 v3.01 AMS symbols A
)
(c:/texlive/2017/texmf-dist/tex/latex/microtype/mt-msa.cfg
File: mt-msa.cfg 2006/02/04 v1.1 microtype config. file: AMS symbols (a) (RS)
)
LaTeX Font Info:    Try loading font information for U+msb on input line 158.

(c:/texlive/2017/texmf-dist/tex/latex/amsfonts/umsb.fd
File: umsb.fd 2013/01/14 v3.01 AMS symbols B
)
(c:/texlive/2017/texmf-dist/tex/latex/microtype/mt-msb.cfg
File: mt-msb.cfg 2005/06/01 v1.0 microtype config. file: AMS symbols (b) (RS)
)
File: triangle.png Graphic file (type bmp)
<triangle.png>

(c:/texlive/2017/texmf-dist/tex/generic/oberdiek/se-ascii-print.def
File: se-ascii-print.def 2016/05/16 v1.11 stringenc: Printable ASCII characters

) [1

]
LaTeX Font Info:    Font shape `TU/LucidaBrightOT(0)/m/n' will be
(Font)              scaled to size 14.4pt on input line 188.
LaTeX Font Info:    Font shape `TU/LucidaBrightOT(0)/bx/n' will be
(Font)              scaled to size 14.4pt on input line 188.

(./Greeks.toc
LaTeX Font Info:    Font shape `TU/LucidaBrightOT(0)/bx/n' will be
(Font)              scaled to size 10.0pt on input line 3.
Package microtype Info: Character `\AE ' is missing
(microtype)             in font `\TU/LucidaBrightMathOT(1)/m/n/10'.
(microtype)             Ignoring protrusion settings for this character.
LaTeX Font Info:    Font shape `TU/LucidaBrightMathOT(1)/m/n' will be
(Font)              scaled to size 7.01236pt on input line 4.
Package microtype Info: Character `\AE ' is missing
(microtype)             in font `\TU/LucidaBrightMathOT(1)/m/n/7.01236'.
(microtype)             Ignoring protrusion settings for this character.
LaTeX Font Info:    Font shape `TU/LucidaBrightMathOT(1)/m/n' will be
(Font)              scaled to size 4.98074pt on input line 4.
Package microtype Info: Character `\AE ' is missing
(microtype)             in font `\TU/LucidaBrightMathOT(1)/m/n/4.98074'.
(microtype)             Ignoring protrusion settings for this character.
LaTeX Font Info:    Font shape `TU/LucidaBrightMathOT(2)/m/n' will be
(Font)              scaled to size 10.00015pt on input line 4.
Package microtype Info: Character `\AE ' is missing
(microtype)             in font `\TU/LucidaBrightMathOT(2)/m/n/10'.
(microtype)             Ignoring protrusion settings for this character.
LaTeX Font Info:    Font shape `TU/LucidaBrightMathOT(2)/m/n' will be
(Font)              scaled to size 7.01247pt on input line 4.
Package microtype Info: Character `\AE ' is missing
(microtype)             in font `\TU/LucidaBrightMathOT(2)/m/n/7.01236'.
(microtype)             Ignoring protrusion settings for this character.
LaTeX Font Info:    Font shape `TU/LucidaBrightMathOT(2)/m/n' will be
(Font)              scaled to size 4.9808pt on input line 4.
Package microtype Info: Character `\AE ' is missing
(microtype)             in font `\TU/LucidaBrightMathOT(2)/m/n/4.98074'.
(microtype)             Ignoring protrusion settings for this character.
LaTeX Font Info:    Font shape `TU/LucidaBrightMathOT(3)/m/n' will be
(Font)              scaled to size 9.99985pt on input line 4.
Package microtype Info: Character `\AE ' is missing
(microtype)             in font `\TU/LucidaBrightMathOT(3)/m/n/10'.
(microtype)             Ignoring protrusion settings for this character.
LaTeX Font Info:    Font shape `TU/LucidaBrightMathOT(3)/m/n' will be
(Font)              scaled to size 7.01224pt on input line 4.
Package microtype Info: Character `\AE ' is missing
(microtype)             in font `\TU/LucidaBrightMathOT(3)/m/n/7.01236'.
(microtype)             Ignoring protrusion settings for this character.
LaTeX Font Info:    Font shape `TU/LucidaBrightMathOT(3)/m/n' will be
(Font)              scaled to size 4.98067pt on input line 4.
Package microtype Info: Character `\AE ' is missing
(microtype)             in font `\TU/LucidaBrightMathOT(3)/m/n/4.98074'.
(microtype)             Ignoring protrusion settings for this character.
)
\tf@toc=\write5
\openout5 = `Greeks.toc'.

Missing character: There is no ; in font nullfont!
 [2]
File: premium_call.png Graphic file (type bmp)
<premium_call.png>
LaTeX Font Info:    Font shape `TU/LucidaBrightOT(0)/m/sc' will be
(Font)              scaled to size 10.0pt on input line 217.
Missing character: There is no ; in font nullfont!
 [1]
File: premium_put.png Graphic file (type bmp)
<premium_put.png>
Missing character: There is no ; in font nullfont!
 [2]
LaTeX Font Info:    Font shape `TU/LucidaBrightOT(0)/bx/n' will be
(Font)              scaled to size 12.0pt on input line 239.
File: delta_2d.png Graphic file (type bmp)
<delta_2d.png>


LaTeX Warning: `!h' float specifier changed to `!ht'.

File: delta_call.png Graphic file (type bmp)
<delta_call.png>
LaTeX Font Info:    Font shape `TU/LucidaBrightOT(0)/m/n' will be
(Font)              scaled to size 9.0pt on input line 262.
File: delta_put.png Graphic file (type bmp)
<delta_put.png>

LaTeX Warning: `!h' float specifier changed to `!ht'.

Missing character: There is no ; in font nullfont!
[3]
Missing character: There is no ; in font nullfont!
 [4]
Missing character: There is no ; in font nullfont!
 [5]
File: gamma_2d.png Graphic file (type bmp)
<gamma_2d.png>
File: gamma_call.png Graphic file (type bmp)
<gamma_call.png>


LaTeX Warning: `!h' float specifier changed to `!ht'.

Missing character: There is no ; in font nullfont!
[6]
Missing character: There is no ; in font nullfont!
 [7]
File: shadow_gamma.png Graphic file (type bmp)
<shadow_gamma.png>

Overfull \hbox (5.0234pt too wide) in paragraph at lines 312--319
[]\TU/LucidaBrightOT(0)/m/n/10 Nassim Taleb is the one that popularized the not
ion of shadow gamma.
 []

Missing character: There is no ; in font nullfont!
[8]
File: vega_2d.png Graphic file (type bmp)
<vega_2d.png>
File: vega.png Graphic file (type bmp)
<vega.png>


LaTeX Warning: `!h' float specifier changed to `!ht'.

Missing character: There is no ; in font nullfont!
[9]
Missing character: There is no ; in font nullfont!
 [10]
Missing character: There is no ; in font nullfont!
 [11]
File: theta_2d.png Graphic file (type bmp)
<theta_2d.png>
File: theta_call.png Graphic file (type bmp)
<theta_call.png>
File: theta_put.png Graphic file (type bmp)
<theta_put.png>
Missing character: There is no ; in font nullfont!
 [12]
Missing character: There is no ; in font nullfont!
 [13]
File: rho_2d.png Graphic file (type bmp)
<rho_2d.png>
File: rho_call.png Graphic file (type bmp)
<rho_call.png>
File: rho_put.png Graphic file (type bmp)
<rho_put.png>
Missing character: There is no ; in font nullfont!
 [14

]
File: omega.png Graphic file (type bmp)
<omega.png>
Missing character: There is no ; in font nullfont!
 [15]
LaTeX Font Info:    Font shape `TU/LucidaBrightOT(0)/m/n' will be
(Font)              scaled to size 7.01236pt on input line 469.
LaTeX Font Info:    Font shape `TU/LucidaBrightOT(0)/m/n' will be
(Font)              scaled to size 4.98074pt on input line 469.
Missing character: There is no ; in font nullfont!
 [16]
File: binom_tree.png Graphic file (type bmp)
<binom_tree.png>
Missing character: There is no ; in font nullfont!
 [17]
Underfull \hbox (badness 10000) in paragraph at lines 504--506

 []

Missing character: There is no ; in font nullfont!
[18]
Underfull \hbox (badness 10000) in paragraph at lines 524--526

 []

Missing character: There is no ; in font nullfont!
[19] (c:/texlive/2017/texmf-dist/tex/latex/listings/lstlang1.sty
File: lstlang1.sty 2015/06/04 1.6 listings language file
)
LaTeX Font Info:    Font shape `TU/LucidaBrightOT(0)/m/n' will be
(Font)              scaled to size 8.0pt on input line 543.

(./greeks_binomial_method.py
LaTeX Font Info:    Font shape `TU/LucidaBrightOT(0)/m/n' will be
(Font)              scaled to size 5.0pt on input line 1.
LaTeX Font Info:    Font shape `TU/LucidaBrightOT(0)/m/n' will be
(Font)              scaled to size 9.59998pt on input line 16.
LaTeX Font Info:    Font shape `TU/LucidaBrightMathOT(1)/m/n' will be
(Font)              scaled to size 5.0pt on input line 18.
Package microtype Info: Character `\AE ' is missing
(microtype)             in font `\TU/LucidaBrightMathOT(1)/m/n/5'.
(microtype)             Ignoring protrusion settings for this character.
LaTeX Font Info:    Font shape `TU/LucidaBrightMathOT(2)/m/n' will be
(Font)              scaled to size 5.00008pt on input line 18.
Package microtype Info: Character `\AE ' is missing
(microtype)             in font `\TU/LucidaBrightMathOT(2)/m/n/5'.
(microtype)             Ignoring protrusion settings for this character.
LaTeX Font Info:    Font shape `TU/LucidaBrightMathOT(3)/m/n' will be
(Font)              scaled to size 4.99992pt on input line 18.
Package microtype Info: Character `\AE ' is missing
(microtype)             in font `\TU/LucidaBrightMathOT(3)/m/n/5'.
(microtype)             Ignoring protrusion settings for this character.
Missing character: There is no ; in font nullfont!
 [20]
Missing character: There is no ; in font nullfont!
 [21])
Missing character: There is no ; in font nullfont!
 [22]
Overfull \hbox (8.1455pt too wide) in paragraph at lines 545--545
[]\TU/LucidaBrightOT(0)/bx/n/14.4 Greeks computation with Monte-Carlo method 
 []

(./greeks_monte_carlo_method.py
Missing character: There is no ; in font nullfont!
 [23])
Missing character: There is no ; in font nullfont!
 [24]
Package atveryend Info: Empty hook `BeforeClearDocument' on input line 548.
Package atveryend Info: Empty hook `AfterLastShipout' on input line 548.
 (./Greeks.aux)
Package atveryend Info: Empty hook `AtVeryEndDocument' on input line 548.
Package atveryend Info: Empty hook `AtEndAfterFileList' on input line 548.


LaTeX Warning: Label(s) may have changed. Rerun to get cross-references right.

 ) 
Here is how much of TeX's memory you used:
 40233 strings out of 493005
 756753 string characters out of 6137947
 1202776 words of memory out of 5000000
 43642 multiletter control sequences out of 15000+600000
 539990 words of font info for 90 fonts, out of 8000000 for 9000
 1348 hyphenation exceptions out of 8191
 65i,12n,100p,10438b,2593s stack positions out of 5000i,500n,10000p,200000b,80000s

Output written on Greeks.pdf (26 pages).
